{
 "level": "error",
 "message": "error",
 "timestamp": "2022-01-24T22:48:43.072Z"
}
{
 "level": "error",
 "message": "04879dc8-111a-4805-b444-2a90b0af957a",
 "timestamp": "2022-01-24T22:50:26.776Z"
}
{
 "level": "error",
 "message": "TimeoutError",
 "timestamp": "2022-01-26T17:04:13.855Z"
}
{
 "level": "error",
 "message": "TimeoutError",
 "timestamp": "2022-01-26T17:05:10.246Z"
}
{
 "level": "error",
 "message": "TimeoutError",
 "timestamp": "2022-01-26T17:08:36.204Z"
}
{
 "level": "error",
 "message": "TimeoutError",
 "timestamp": "2022-01-26T17:10:07.383Z"
}
{
 "level": "error",
 "message": "TimeoutError",
 "timestamp": "2022-01-26T17:16:13.635Z"
}
{
 "level": "error",
 "message": "TimeoutError",
 "timestamp": "2022-01-26T17:19:53.793Z"
}
{
 "level": "error",
 "timestamp": "2022-01-26T17:30:02.662Z"
}
{
 "level": "error",
 "timestamp": "2022-01-26T17:30:28.181Z"
}
{
 "level": "error",
 "timestamp": "2022-01-26T17:52:38.152Z"
}
{
 "level": "error",
 "message": "TypeError",
 "timestamp": "2022-01-26T18:00:29.136Z"
}
{
 "level": "error",
 "message": "error",
 "timestamp": "2022-01-26T18:10:16.463Z"
}
